This is pdfTeX, Version 3.141592653-2.6-1.40.22 (MiKTeX 21.3 32-bit) (preloaded format=pdflatex 2021.4.23)  31 DEC 2023 10:46
entering extended mode
**./algorithm_FFT.tex
(algorithm_FFT.tex
LaTeX2e <2020-02-02> patch level 5
L3 programming layer <2020-06-18>
(C:\Users\xiaorong zou\AppData\Local\Programs\MiKTeX 2.9\tex/latex/kluwer\kluwe
r.cls
Document Class: kluwer 2000/04/29 1.3 Kluwer base document class

(C:\Users\xiaorong zou\AppData\Local\Programs\MiKTeX 2.9\tex/latex/amsfonts\ams
symb.sty
Package: amssymb 2013/01/14 v3.01 AMS font symbols

(C:\Users\xiaorong zou\AppData\Local\Programs\MiKTeX 2.9\tex/latex/amsfonts\ams
fonts.sty
Package: amsfonts 2013/01/14 v3.01 Basic AMSFonts support


Package amsfonts Warning: The 'psamsfonts' option is obsolete in AMSFonts v3.

\@emptytoks=\toks15
\symAMSa=\mathgroup4
\symAMSb=\mathgroup5
LaTeX Font Info:    Redeclaring math symbol \hbar on input line 98.
LaTeX Font Info:    Overwriting math alphabet `\mathfrak' in version `bold'
(Font)                  U/euf/m/n --> U/euf/b/n on input line 106.
))
(C:\Users\xiaorong zou\AppData\Local\Programs\MiKTeX 2.9\tex/latex/wasysym\wasy
sym.sty
Package: wasysym 2020/01/19 v2.4 Wasy-2 symbol support package
\symwasy=\mathgroup6
LaTeX Font Info:    Overwriting symbol font `wasy' in version `bold'
(Font)                  U/wasy/m/n --> U/wasy/b/n on input line 93.
)
\@cla=\count167
\@clb=\count168
\bdj=\box45
\tracingkluwer=\count169
\id@boxheight=\dimen134
\topsepm@th=\skip47
\aobox=\box46
\@temptokenb=\toks16
\cnt@authors=\count170
\cnt@institutes=\count171
\@abstractbox=\box47
\mottobox=\box48
\logotoks=\toks17
\c@outputpage=\count172
\c@article=\count173
\stretchtabsep=\skip48
\maxfloatwidth=\dimen135
\figtabbox=\box49
\floatindent=\dimen136
\@tabskip=\dimen137
\captionskip=\dimen138
\@tabwidth=\dimen139
\captionindent=\dimen140
\@floatcaption=\toks18
\c@table=\count174
\c@tabnote=\count175
\c@figure=\count176
\c@algorithm=\count177
\rotdimen=\dimen141
\c@endnote=\count178
\endnotesep=\dimen142
\@endnotes=\write3
\bibhang=\skip49

KAP -- Numbered references
\eqnoindent=\dimen143
\theoremsep=\dimen144
\dispsep=\dimen145
\items@ve=\skip50
\labels@ve=\skip51
\c@part=\count179
\c@section=\count180
\c@subsection=\count181
\c@subsubsection=\count182
\c@paragraph=\count183
\c@subparagraph=\count184
)
(C:\Users\xiaorong zou\AppData\Local\Programs\MiKTeX 2.9\tex/latex/graphics\gra
phicx.sty
Package: graphicx 2019/11/30 v1.2a Enhanced LaTeX Graphics (DPC,SPQR)

(C:\Users\xiaorong zou\AppData\Local\Programs\MiKTeX 2.9\tex/latex/graphics\key
val.sty
Package: keyval 2014/10/28 v1.15 key=value parser (DPC)
\KV@toks@=\toks19
)
(C:\Users\xiaorong zou\AppData\Local\Programs\MiKTeX 2.9\tex/latex/graphics\gra
phics.sty
Package: graphics 2019/11/30 v1.4a Standard LaTeX Graphics (DPC,SPQR)

(C:\Users\xiaorong zou\AppData\Local\Programs\MiKTeX 2.9\tex/latex/graphics\tri
g.sty
Package: trig 2016/01/03 v1.10 sin cos tan (DPC)
)
(C:\Users\xiaorong zou\AppData\Local\Programs\MiKTeX 2.9\tex/latex/graphics-cfg
\graphics.cfg
File: graphics.cfg 2016/06/04 v1.11 sample graphics configuration
)
Package graphics Info: Driver file: pdftex.def on input line 105.

(C:\Users\xiaorong zou\AppData\Local\Programs\MiKTeX 2.9\tex/latex/graphics-def
\pdftex.def
File: pdftex.def 2018/01/08 v1.0l Graphics/color driver for pdftex
))
\Gin@req@height=\dimen146
\Gin@req@width=\dimen147
)
(C:\Users\xiaorong zou\AppData\Local\Programs\MiKTeX 2.9\tex/latex/setspace\set
space.sty
Package: setspace 2011/12/19 v6.7a set line spacing
)
\c@guess=\count185
\c@Thm=\count186
\c@Rem=\count187
\c@Exa=\count188
\c@Con=\count189

(C:\Users\xiaorong zou\AppData\Local\Programs\MiKTeX 2.9\tex/latex/l3backend\l3
backend-pdfmode.def
File: l3backend-pdfmode.def 2020-06-29 L3 backend support: PDF mode
\l__kernel_color_stack_int=\count190
\l__pdf_internal_box=\box50
) (algorithm_FFT.aux)
\openout1 = `algorithm_FFT.aux'.

LaTeX Font Info:    Checking defaults for OML/cmm/m/it on input line 19.
LaTeX Font Info:    ... okay on input line 19.
LaTeX Font Info:    Checking defaults for OMS/cmsy/m/n on input line 19.
LaTeX Font Info:    ... okay on input line 19.
LaTeX Font Info:    Checking defaults for OT1/cmr/m/n on input line 19.
LaTeX Font Info:    ... okay on input line 19.
LaTeX Font Info:    Checking defaults for T1/cmr/m/n on input line 19.
LaTeX Font Info:    ... okay on input line 19.
LaTeX Font Info:    Checking defaults for TS1/cmr/m/n on input line 19.
LaTeX Font Info:    ... okay on input line 19.
LaTeX Font Info:    Checking defaults for OMX/cmex/m/n on input line 19.
LaTeX Font Info:    ... okay on input line 19.
LaTeX Font Info:    Checking defaults for U/cmr/m/n on input line 19.
LaTeX Font Info:    ... okay on input line 19.

(C:\Users\xiaorong zou\AppData\Local\Programs\MiKTeX 2.9\tex/context/base/mkii\
supp-pdf.mkii
[Loading MPS to PDF converter (version 2006.09.02).]
\scratchcounter=\count191
\scratchdimen=\dimen148
\scratchbox=\box51
\nofMPsegments=\count192
\nofMParguments=\count193
\everyMPshowfont=\toks20
\MPscratchCnt=\count194
\MPscratchDim=\dimen149
\MPnumerator=\count195
\makeMPintoPDFobject=\count196
\everyMPtoPDFconversion=\toks21
)
(C:\Users\xiaorong zou\AppData\Local\Programs\MiKTeX 2.9\tex/latex/epstopdf-pkg
\epstopdf-base.sty
Package: epstopdf-base 2020-01-24 v2.11 Base part for package epstopdf
Package epstopdf-base Info: Redefining graphics rule for `.eps' on input line 4
85.

(C:\Program Files (x86)\MiKTeX\tex/latex/00miktex\epstopdf-sys.cfg
File: epstopdf-sys.cfg 2021/03/18 v2.0 Configuration of epstopdf for MiKTeX
)) Article 1
Overfull \hbox (41.45358pt too wide) in paragraph at lines 31--33
\OT1/cmr/bx/n/9 Abstract.  \OT1/cmr/m/n/9 This is the spec-i-fi-ca-tion for es-
ti-mat-ing a func-tion and its deriva-tives/antiderivatives
 []


Overfull \hbox (38.73698pt too wide) in paragraph at lines 34--34
[]\OT1/cmr/m/n/14.4 Estimate den-sity func-tion through fast Fourier trans-for-
ma-tion 
 []

Abstract
LaTeX Font Info:    Trying to load font information for U+msa on input line 35.


(C:\Users\xiaorong zou\AppData\Local\Programs\MiKTeX 2.9\tex/latex/amsfonts\ums
a.fd
File: umsa.fd 2013/01/14 v3.01 AMS symbols A
)
LaTeX Font Info:    Trying to load font information for U+msb on input line 35.


(C:\Users\xiaorong zou\AppData\Local\Programs\MiKTeX 2.9\tex/latex/amsfonts\ums
b.fd
File: umsb.fd 2013/01/14 v3.01 AMS symbols B
)
LaTeX Font Info:    Trying to load font information for U+wasy on input line 35
.

(C:\Users\xiaorong zou\AppData\Local\Programs\MiKTeX 2.9\tex/latex/wasysym\uwas
y.fd
File: uwasy.fd 2020/01/19 v2.4 Wasy-2 symbol font definitions
) [1{C:/Users/xiaorong zou/AppData/Local/MiKTeX/pdftex/config/pdftex.map}
Non-PDF special ignored!
<special> " 4 4 translate 989 1138 1 [60 0 0 -60 210 930] currentfile /ASCI...
] [2]
Overfull \hbox (0.39848pt too wide) in alignment at lines 156--160
 [][][] []
 []

[3] [4] [5] [6

] (algorithm_FFT.aux) ) 
Here is how much of TeX's memory you used:
 2694 strings out of 480742
 34115 string characters out of 2890310
 277361 words of memory out of 3000000
 18723 multiletter control sequences out of 15000+200000
 540427 words of font info for 55 fonts, out of 3000000 for 9000
 1146 hyphenation exceptions out of 8191
 36i,10n,35p,385b,290s stack positions out of 5000i,500n,10000p,200000b,50000s
{C:/Program Files (x86)/MiKTeX/fonts/enc/dvips/cm-super/
cm-super-ts1.enc}<C:/Users/xiaorong zou/AppData/Local/Programs/MiKTeX 2.9/fonts
/type1/public/amsfonts/cm/cmbx10.pfb><C:/Users/xiaorong zou/AppData/Local/Progr
ams/MiKTeX 2.9/fonts/type1/public/amsfonts/cm/cmbx9.pfb><C:/Users/xiaorong zou/
AppData/Local/Programs/MiKTeX 2.9/fonts/type1/public/amsfonts/cm/cmex10.pfb><C:
/Users/xiaorong zou/AppData/Local/Programs/MiKTeX 2.9/fonts/type1/public/amsfon
ts/cm/cmmi10.pfb><C:/Users/xiaorong zou/AppData/Local/Programs/MiKTeX 2.9/fonts
/type1/public/amsfonts/cm/cmmi8.pfb><C:/Users/xiaorong zou/AppData/Local/Progra
ms/MiKTeX 2.9/fonts/type1/public/amsfonts/cm/cmr10.pfb><C:/Users/xiaorong zou/A
ppData/Local/Programs/MiKTeX 2.9/fonts/type1/public/amsfonts/cm/cmr12.pfb><C:/U
sers/xiaorong zou/AppData/Local/Programs/MiKTeX 2.9/fonts/type1/public/amsfonts
/cm/cmr6.pfb><C:/Users/xiaorong zou/AppData/Local/Programs/MiKTeX 2.9/fonts/typ
e1/public/amsfonts/cm/cmr8.pfb><C:/Users/xiaorong zou/AppData/Local/Programs/Mi
KTeX 2.9/fonts/type1/public/amsfonts/cm/cmr9.pfb><C:/Users/xiaorong zou/AppData
/Local/Programs/MiKTeX 2.9/fonts/type1/public/amsfonts/cm/cmsy10.pfb><C:/Users/
xiaorong zou/AppData/Local/Programs/MiKTeX 2.9/fonts/type1/public/amsfonts/cm/c
msy8.pfb><C:/Users/xiaorong zou/AppData/Local/Programs/MiKTeX 2.9/fonts/type1/p
ublic/amsfonts/cm/cmti10.pfb><C:/Users/xiaorong zou/AppData/Local/Programs/MiKT
eX 2.9/fonts/type1/public/amsfonts/cm/cmti9.pfb><C:/Users/xiaorong zou/AppData/
Local/Programs/MiKTeX 2.9/fonts/type1/public/amsfonts/cm/cmtt10.pfb><C:/Users/x
iaorong zou/AppData/Local/Programs/MiKTeX 2.9/fonts/type1/public/amsfonts/cm/cm
tt9.pfb><C:/Users/xiaorong zou/AppData/Local/Programs/MiKTeX 2.9/fonts/type1/pu
blic/amsfonts/symbols/msbm10.pfb><C:/Program Files (x86)/MiKTeX/fonts/type1/pub
lic/cm-super/sfrm0900.pfb>
Output written on algorithm_FFT.pdf (6 pages, 213538 bytes).
PDF statistics:
 94 PDF objects out of 1000 (max. 8388607)
 0 named destinations out of 1000 (max. 500000)
 1 words of extra memory for PDF output out of 10000 (max. 10000000)

